Server is running on port 8080
03/01/2023 10:39:18 AM - GET /nature.jpg - 404
File Not Found Response Sent.
Server is running on port 8080
03/01/2023 10:40:46 AM - GET /images.jpeg - 200
Successfully sent response.
Server is running on port 8080
03/01/2023 05:41:00 PM - GET /login - 404
File Not Found Response Sent.
Server is running on port 8080
03/01/2023 05:41:29 PM - GET /images.jpeg - 404
File Not Found Response Sent.
Server is running on port 8080
03/01/2023 05:45:53 PM - GET /images.jpeg - 200
Successfully sent response.
Server is running on port 8080
03/01/2023 05:46:40 PM - GET /images.jpeg - 200
Successfully sent response.
Server is running on port 8080
03/01/2023 05:47:11 PM - GET /images.jpeg - 404
File Not Found Response Sent.
Server is running on port 8080
Server is running on port 8080
